<?xml version="1.0" encoding="UTF-8"?>
<!-- Generated by org.testng.reporters.JUnitReportReporter -->
<testsuite skipped="0" hostname="Notebook10" name="com.crm.qa.testcases.ContactsPageTest" tests="4" failures="0" timestamp="14 Oct 2018 17:52:54 GMT" time="117.882" errors="0">
  <testcase name="VerifyContactsScreen" time="24.440" classname="com.crm.qa.testcases.ContactsPageTest"/>
  <testcase name="CreateContact" time="30.451" classname="com.crm.qa.testcases.ContactsPageTest"/>
  <testcase name="CreateContact" time="30.393" classname="com.crm.qa.testcases.ContactsPageTest"/>
  <testcase name="CreateContact" time="32.598" classname="com.crm.qa.testcases.ContactsPageTest"/>
</testsuite> <!-- com.crm.qa.testcases.ContactsPageTest -->
