<?xml version="1.0" encoding="UTF-8"?>
<!-- Generated by org.testng.reporters.JUnitReportReporter -->
<testsuite skipped="0" hostname="Notebook10" name="HomePageTest" tests="2" failures="0" timestamp="14 Oct 2018 12:19:52 GMT" time="45.438" errors="0">
  <testcase name="ValiadteUser" time="23.365" classname="HomePageTest"/>
  <testcase name="newContactLink" time="22.073" classname="HomePageTest"/>
</testsuite> <!-- HomePageTest -->
