<?xml version="1.0" encoding="UTF-8"?>
<!-- Generated by org.testng.reporters.JUnitReportReporter -->
<testsuite skipped="0" hostname="Notebook10" name="SignInPageTest" tests="3" failures="0" timestamp="14 Oct 2018 12:08:58 GMT" time="47.437" errors="0">
  <testcase name="ValidatePageTitle" time="12.606" classname="SignInPageTest"/>
  <testcase name="CrmLogo" time="11.401" classname="SignInPageTest"/>
  <testcase name="Signin" time="23.430" classname="SignInPageTest"/>
</testsuite> <!-- SignInPageTest -->
